TN:
SF:/Users/lisajakubczyk/Desktop/capstone-master/App.js
FN:35,(anonymous_0)
FN:51,(anonymous_1)
FN:60,(anonymous_2)
FN:80,(anonymous_3)
FN:94,(anonymous_4)
FN:95,(anonymous_5)
FNF:6
FNH:0
FNDA:0,(anonymous_0)
FNDA:0,(anonymous_1)
FNDA:0,(anonymous_2)
FNDA:0,(anonymous_3)
FNDA:0,(anonymous_4)
FNDA:0,(anonymous_5)
DA:19,0
DA:24,0
DA:27,0
DA:28,0
DA:32,0
DA:36,0
DA:38,0
DA:42,0
DA:43,0
DA:44,0
DA:52,0
DA:53,0
DA:55,0
DA:61,0
DA:81,0
DA:95,0
DA:96,0
DA:111,0
DA:171,0
LF:19
LH:0
BRDA:52,0,0,0
BRDA:52,0,1,0
BRF:2
BRH:0
end_of_record
TN:
SF:/Users/lisajakubczyk/Desktop/capstone-master/babel.config.js
FNF:0
FNH:0
DA:1,0
LF:1
LH:0
BRF:0
BRH:0
end_of_record
TN:
SF:/Users/lisajakubczyk/Desktop/capstone-master/index.android.js
FN:4,(anonymous_0)
FN:7,(anonymous_1)
FNF:2
FNH:0
FNDA:0,(anonymous_0)
FNDA:0,(anonymous_1)
DA:4,0
DA:7,0
LF:2
LH:0
BRF:0
BRH:0
end_of_record
TN:
SF:/Users/lisajakubczyk/Desktop/capstone-master/index.ios.js
FN:4,(anonymous_0)
FN:7,(anonymous_1)
FNF:2
FNH:0
FNDA:0,(anonymous_0)
FNDA:0,(anonymous_1)
DA:4,0
DA:7,0
LF:2
LH:0
BRF:0
BRH:0
end_of_record
TN:
SF:/Users/lisajakubczyk/Desktop/capstone-master/index.js
FN:5,(anonymous_0)
FN:8,(anonymous_1)
FNF:2
FNH:0
FNDA:0,(anonymous_0)
FNDA:0,(anonymous_1)
DA:5,0
DA:8,0
LF:2
LH:0
BRF:0
BRH:0
end_of_record
TN:
SF:/Users/lisajakubczyk/Desktop/capstone-master/metro.config.js
FN:15,(anonymous_0)
FNF:1
FNH:0
FNDA:0,(anonymous_0)
DA:13,0
DA:15,0
DA:18,0
DA:20,0
LF:4
LH:0
BRF:0
BRH:0
end_of_record
TN:
SF:/Users/lisajakubczyk/Desktop/capstone-master/rn-cli.config.js
FNF:0
FNH:0
DA:13,0
DA:15,0
DA:17,0
DA:21,0
DA:25,0
DA:30,0
DA:32,0
DA:33,0
DA:35,0
DA:37,0
LF:10
LH:0
BRDA:30,0,0,0
BRDA:30,0,1,0
BRDA:33,1,0,0
BRDA:33,1,1,0
BRF:4
BRH:0
end_of_record
TN:
SF:/Users/lisajakubczyk/Desktop/capstone-master/ARScenes/Timer.js
FN:5,(anonymous_0)
FN:9,(anonymous_1)
FN:10,(anonymous_2)
FN:12,(anonymous_3)
FNF:4
FNH:0
FNDA:0,(anonymous_0)
FNDA:0,(anonymous_1)
FNDA:0,(anonymous_2)
FNDA:0,(anonymous_3)
DA:5,0
DA:6,0
DA:9,0
DA:10,0
DA:13,0
DA:14,0
DA:15,0
DA:16,0
DA:17,0
DA:18,0
DA:26,0
LF:11
LH:0
BRDA:16,0,0,0
BRDA:16,0,1,0
BRDA:17,1,0,0
BRDA:17,1,1,0
BRF:4
BRH:0
end_of_record
TN:
SF:/Users/lisajakubczyk/Desktop/capstone-master/ARScenes/FindingCards/FindingCards.js
FN:46,(anonymous_0)
FN:59,(anonymous_1)
FN:65,(anonymous_2)
FN:72,(anonymous_3)
FNF:4
FNH:0
FNDA:0,(anonymous_0)
FNDA:0,(anonymous_1)
FNDA:0,(anonymous_2)
FNDA:0,(anonymous_3)
DA:47,0
DA:48,0
DA:53,0
DA:54,0
DA:60,0
DA:66,0
DA:73,0
DA:109,0
DA:127,0
DA:136,0
LF:10
LH:0
BRF:0
BRH:0
end_of_record
TN:
SF:/Users/lisajakubczyk/Desktop/capstone-master/ARScenes/Portals/AcePortal.js
FN:30,(anonymous_0)
FN:45,(anonymous_1)
FN:51,(anonymous_2)
FN:60,(anonymous_3)
FN:66,(anonymous_4)
FN:71,(anonymous_5)
FN:79,(anonymous_6)
FN:100,(anonymous_7)
FN:122,(anonymous_8)
FNF:9
FNH:0
FNDA:0,(anonymous_0)
FNDA:0,(anonymous_1)
FNDA:0,(anonymous_2)
FNDA:0,(anonymous_3)
FNDA:0,(anonymous_4)
FNDA:0,(anonymous_5)
FNDA:0,(anonymous_6)
FNDA:0,(anonymous_7)
FNDA:0,(anonymous_8)
DA:31,0
DA:32,0
DA:38,0
DA:39,0
DA:40,0
DA:41,0
DA:46,0
DA:52,0
DA:62,0
DA:72,0
DA:80,0
DA:101,0
DA:123,0
DA:162,0
DA:179,0
LF:15
LH:0
BRF:0
BRH:0
end_of_record
TN:
SF:/Users/lisajakubczyk/Desktop/capstone-master/ARScenes/Portals/AcePortalScene2.js
FN:6,(anonymous_0)
FN:20,(anonymous_1)
FN:26,(anonymous_2)
FN:35,(anonymous_3)
FN:51,(anonymous_4)
FNF:5
FNH:0
FNDA:0,(anonymous_0)
FNDA:0,(anonymous_1)
FNDA:0,(anonymous_2)
FNDA:0,(anonymous_3)
FNDA:0,(anonymous_4)
DA:7,0
DA:8,0
DA:14,0
DA:15,0
DA:21,0
DA:27,0
DA:36,0
DA:52,0
DA:85,0
LF:9
LH:0
BRF:0
BRH:0
end_of_record
TN:
SF:/Users/lisajakubczyk/Desktop/capstone-master/ARScenes/Portals/ForReference_tobedeleted.js
FN:16,(anonymous_0)
FN:28,(anonymous_1)
FN:46,(anonymous_2)
FNF:3
FNH:0
FNDA:0,(anonymous_0)
FNDA:0,(anonymous_1)
FNDA:0,(anonymous_2)
DA:17,0
DA:20,0
DA:25,0
DA:29,0
DA:47,0
DA:48,0
DA:51,0
DA:57,0
DA:67,0
DA:73,0
LF:10
LH:0
BRDA:47,0,0,0
BRDA:47,0,1,0
BRDA:51,1,0,0
BRDA:51,1,1,0
BRF:4
BRH:0
end_of_record
TN:
SF:/Users/lisajakubczyk/Desktop/capstone-master/ARScenes/Portals/PortScene.js
FN:28,(anonymous_0)
FN:38,(anonymous_1)
FN:45,(anonymous_2)
FN:51,(anonymous_3)
FN:56,(anonymous_4)
FN:68,(anonymous_5)
FN:90,(anonymous_6)
FN:112,(anonymous_7)
FNF:8
FNH:0
FNDA:0,(anonymous_0)
FNDA:0,(anonymous_1)
FNDA:0,(anonymous_2)
FNDA:0,(anonymous_3)
FNDA:0,(anonymous_4)
FNDA:0,(anonymous_5)
FNDA:0,(anonymous_6)
FNDA:0,(anonymous_7)
DA:29,0
DA:30,0
DA:33,0
DA:34,0
DA:35,0
DA:39,0
DA:47,0
DA:57,0
DA:69,0
DA:91,0
DA:113,0
DA:151,0
DA:169,0
LF:13
LH:0
BRF:0
BRH:0
end_of_record
TN:
SF:/Users/lisajakubczyk/Desktop/capstone-master/ARScenes/Portals/TestPortal.js
FNF:0
FNH:0
DA:27,0
DA:29,0
DA:31,0
DA:60,0
LF:4
LH:0
BRF:0
BRH:0
end_of_record
TN:
SF:/Users/lisajakubczyk/Desktop/capstone-master/screens/LoserScreen.js
FN:5,(anonymous_0)
FNF:1
FNH:0
FNDA:0,(anonymous_0)
DA:6,0
DA:21,0
LF:2
LH:0
BRF:0
BRH:0
end_of_record
TN:
SF:/Users/lisajakubczyk/Desktop/capstone-master/screens/PasswordScreen.js
FN:6,(anonymous_0)
FN:13,(anonymous_1)
FN:17,(anonymous_2)
FN:21,(anonymous_3)
FN:25,(anonymous_4)
FN:37,(anonymous_5)
FN:42,(anonymous_6)
FNF:7
FNH:0
FNDA:0,(anonymous_0)
FNDA:0,(anonymous_1)
FNDA:0,(anonymous_2)
FNDA:0,(anonymous_3)
FNDA:0,(anonymous_4)
FNDA:0,(anonymous_5)
FNDA:0,(anonymous_6)
DA:7,0
DA:8,0
DA:18,0
DA:26,0
DA:37,0
DA:49,0
LF:6
LH:0
BRF:0
BRH:0
end_of_record
TN:
SF:/Users/lisajakubczyk/Desktop/capstone-master/screens/WelcomeScreen.js
FN:35,(anonymous_0)
FN:49,(anonymous_1)
FN:72,(anonymous_2)
FN:73,(anonymous_3)
FNF:4
FNH:0
FNDA:0,(anonymous_0)
FNDA:0,(anonymous_1)
FNDA:0,(anonymous_2)
FNDA:0,(anonymous_3)
DA:23,0
DA:26,0
DA:27,0
DA:28,0
DA:32,0
DA:36,0
DA:38,0
DA:42,0
DA:51,0
DA:73,0
DA:74,0
DA:88,0
DA:143,0
LF:13
LH:0
BRF:0
BRH:0
end_of_record
TN:
SF:/Users/lisajakubczyk/Desktop/capstone-master/screens/WinnerScreen.js
FN:5,(anonymous_0)
FNF:1
FNH:0
FNDA:0,(anonymous_0)
DA:6,0
DA:20,0
LF:2
LH:0
BRF:0
BRH:0
end_of_record
TN:
SF:/Users/lisajakubczyk/Desktop/capstone-master/store/objectsReducer.js
FN:7,(anonymous_0)
FN:12,(anonymous_1)
FN:17,(anonymous_2)
FN:30,(anonymous_3)
FNF:4
FNH:0
FNDA:0,(anonymous_0)
FNDA:0,(anonymous_1)
FNDA:0,(anonymous_2)
FNDA:0,(anonymous_3)
DA:2,0
DA:3,0
DA:4,0
DA:7,0
DA:12,0
DA:17,0
DA:23,0
DA:31,0
DA:33,0
DA:38,0
DA:43,0
DA:48,0
LF:12
LH:0
BRDA:30,0,0,0
BRDA:31,1,0,0
BRDA:31,1,1,0
BRDA:31,1,2,0
BRDA:31,1,3,0
BRF:5
BRH:0
end_of_record
TN:
SF:/Users/lisajakubczyk/Desktop/capstone-master/store/rootReducer.js
FNF:0
FNH:0
LF:0
LH:0
BRF:0
BRH:0
end_of_record
